<?xml version="1.0" encoding="UTF-8"?>
<!-- Generated by org.testng.reporters.JUnitReportReporter -->
<testsuite hostname="LAPTOP-8VII3GVS" failures="0" tests="1" name="tests.RegistrationTest" time="6.043" errors="0" timestamp="2025-08-04T11:30:12 IST" skipped="0">
  <testcase classname="tests.RegistrationTest" name="testRegistrationForm" time="6.043"/>
  <system-out/>
</testsuite> <!-- tests.RegistrationTest -->
