<?xml version="1.0" encoding="UTF-8"?>
<!-- Generated by org.testng.reporters.JUnitReportReporter -->
<testsuite hostname="LAPTOP-8VII3GVS" failures="0" tests="1" name="tests.Drybar.DrybarGuestCheckout" time="60.602" errors="0" timestamp="2025-08-14T12:13:00 IST" skipped="0">
  <testcase classname="tests.Drybar.DrybarGuestCheckout" name="DrybarGuest_Checkout" time="60.602"/>
  <system-out/>
</testsuite> <!-- tests.Drybar.DrybarGuestCheckout -->
