<?xml version="1.0" encoding="UTF-8"?>
<!-- Generated by org.testng.reporters.JUnitReportReporter -->
<testsuite hostname="LAPTOP-8VII3GVS" failures="0" tests="1" name="tests.Drybar.myAccountValidation" time="16.629" errors="0" timestamp="2025-08-14T12:51:30 IST" skipped="0">
  <testcase classname="tests.Drybar.myAccountValidation" name="myAccount_Validation" time="16.629"/>
  <system-out/>
</testsuite> <!-- tests.Drybar.myAccountValidation -->
