<?xml version="1.0" encoding="UTF-8"?>
<!-- Generated by org.testng.reporters.JUnitReportReporter -->
<testsuite hostname="LAPTOP-8VII3GVS" failures="0" tests="1" name="tests.Drybar.DrybarLoginTest" time="15.526" errors="0" timestamp="2025-08-06T16:12:49 IST" skipped="0">
  <testcase classname="tests.Drybar.DrybarLoginTest" name="loginForm" time="15.526"/>
  <system-out/>
</testsuite> <!-- tests.Drybar.DrybarLoginTest -->
