<?xml version="1.0" encoding="UTF-8"?>
<!-- Generated by org.testng.reporters.JUnitReportReporter -->
<testsuite hostname="LAPTOP-8VII3GVS" failures="0" tests="1" name="tests.Drybar.DrybarGuestCheckout" time="19.718" errors="0" timestamp="2025-08-07T15:41:19 IST" skipped="0">
  <testcase classname="tests.Drybar.DrybarGuestCheckout" name="DrybarGuest_Checkout" time="19.718"/>
  <system-out/>
</testsuite> <!-- tests.Drybar.DrybarGuestCheckout -->
