<?xml version="1.0" encoding="UTF-8"?>
<!-- Generated by org.testng.reporters.JUnitReportReporter -->
<testsuite hostname="LAPTOP-8VII3GVS" failures="0" tests="1" name="tests.RegistrationTest" time="1.770" errors="0" timestamp="2025-07-31T16:08:57 IST" skipped="0">
  <testcase classname="tests.RegistrationTest" name="testRegistrationForm" time="1.770"/>
  <system-out/>
</testsuite> <!-- tests.RegistrationTest -->
