<?xml version="1.0" encoding="UTF-8"?>
<!-- Generated by org.testng.reporters.JUnitReportReporter -->
<testsuite hostname="LAPTOP-8VII3GVS" failures="0" tests="1" name="tests.OXO.OXO_ST_001_logIn" time="3.178" errors="0" timestamp="2025-08-04T13:50:31 IST" skipped="0">
  <testcase classname="tests.OXO.OXO_ST_001_logIn" name="loginForm" time="3.178"/>
  <system-out/>
</testsuite> <!-- tests.OXO.OXO_ST_001_logIn -->
