<?xml version="1.0" encoding="UTF-8"?>
<!-- Generated by org.testng.reporters.JUnitReportReporter -->
<testsuite hostname="LAPTOP-8VII3GVS" failures="0" tests="1" name="tests.OXO.OXO_ST_001_logIn" time="9.605" errors="0" timestamp="2025-08-11T17:29:39 IST" skipped="0">
  <testcase classname="tests.OXO.OXO_ST_001_logIn" name="loginForm" time="9.605"/>
  <system-out/>
</testsuite> <!-- tests.OXO.OXO_ST_001_logIn -->
