<?xml version="1.0" encoding="UTF-8"?>
<!-- Generated by org.testng.reporters.JUnitReportReporter -->
<testsuite hostname="LAPTOP-8VII3GVS" failures="0" tests="1" name="tests.Drybar.DrybarRegCheckout" time="95.001" errors="0" timestamp="2025-08-14T12:11:34 IST" skipped="0">
  <testcase classname="tests.Drybar.DrybarRegCheckout" name="DrybarReg_Checkout" time="95.001"/>
  <system-out/>
</testsuite> <!-- tests.Drybar.DrybarRegCheckout -->
