<?xml version="1.0" encoding="UTF-8"?>
<!-- Generated by org.testng.reporters.JUnitReportReporter -->
<testsuite hostname="LAPTOP-8VII3GVS" failures="0" tests="1" name="tests.Drybar.DrybarRegCheckout" time="54.404" errors="0" timestamp="2025-08-11T12:32:41 IST" skipped="0">
  <testcase classname="tests.Drybar.DrybarRegCheckout" name="DrybarReg_Checkout" time="54.404"/>
  <system-out/>
</testsuite> <!-- tests.Drybar.DrybarRegCheckout -->
