<?xml version="1.0" encoding="UTF-8"?>
<!-- Generated by org.testng.reporters.JUnitReportReporter -->
<testsuite hostname="LAPTOP-8VII3GVS" failures="0" tests="1" name="tests.DemoTest" time="4.808" errors="0" timestamp="2025-07-30T09:16:13 IST" skipped="0">
  <testcase classname="tests.DemoTest" name="openDemoSite" time="4.808"/>
  <system-out/>
</testsuite> <!-- tests.DemoTest -->
