<?xml version="1.0" encoding="UTF-8"?>
<!-- Generated by org.testng.reporters.JUnitReportReporter -->
<testsuite hostname="LAPTOP-8VII3GVS" failures="0" tests="1" name="tests.Drybar.DB_ST_001_logIn" time="4.398" errors="0" timestamp="2025-08-06T08:16:27 IST" skipped="0">
  <testcase classname="tests.Drybar.DB_ST_001_logIn" name="loginForm" time="4.398"/>
  <system-out/>
</testsuite> <!-- tests.Drybar.DB_ST_001_logIn -->
