<?xml version="1.0" encoding="UTF-8"?>
<!-- Generated by org.testng.reporters.JUnitReportReporter -->
<testsuite hostname="LAPTOP-8VII3GVS" failures="0" tests="1" name="tests.Drybar.shoppingCart_Validation" time="43.428" errors="0" timestamp="2025-08-14T12:48:04 IST" skipped="0">
  <testcase classname="tests.Drybar.shoppingCart_Validation" name="shopping_Cart_Validation" time="43.428"/>
  <system-out/>
</testsuite> <!-- tests.Drybar.shoppingCart_Validation -->
