<?xml version="1.0" encoding="UTF-8"?>
<!-- Generated by org.testng.reporters.JUnitReportReporter -->
<testsuite hostname="LAPTOP-8VII3GVS" failures="0" tests="1" name="tests.Drybar.DrybarGuestCheckout_CC" time="70.792" errors="0" timestamp="2025-08-14T19:39:57 IST" skipped="0">
  <testcase classname="tests.Drybar.DrybarGuestCheckout_CC" name="DrybarGuest_Checkout_Creditcard" time="70.792"/>
  <system-out/>
</testsuite> <!-- tests.Drybar.DrybarGuestCheckout_CC -->
