<?xml version="1.0" encoding="UTF-8"?>
<!-- Generated by org.testng.reporters.JUnitReportReporter -->
<testsuite hostname="LAPTOP-8VII3GVS" failures="0" tests="1" name="tests.Drybar.DrybarCreateAccount" time="68.786" errors="0" timestamp="2025-08-11T13:16:09 IST" skipped="0">
  <testcase classname="tests.Drybar.DrybarCreateAccount" name="DrybarReg_Checkout" time="68.786"/>
  <system-out/>
</testsuite> <!-- tests.Drybar.DrybarCreateAccount -->
