<?xml version="1.0" encoding="UTF-8"?>
<!-- Generated by org.testng.reporters.JUnitReportReporter -->
<testsuite hostname="LAPTOP-8VII3GVS" failures="0" tests="1" name="tests.Drybar.DrybarRegCheckout" time="27.343" errors="0" timestamp="2025-08-07T15:43:35 IST" skipped="0">
  <testcase classname="tests.Drybar.DrybarRegCheckout" name="DrybarReg_Checkout" time="27.343"/>
  <system-out/>
</testsuite> <!-- tests.Drybar.DrybarRegCheckout -->
